<?xml version="1.0" encoding="UTF-8"?>
<testsuite name="LibraryTest" tests="4" skipped="0" failures="0" errors="0" timestamp="2024-11-07T02:41:44" hostname="JURUCA" time="0.04">
  <properties/>
  <testcase name="should add a book to the library" classname="LibraryTest" time="0.031"/>
  <testcase name="should borrow a book successfully" classname="LibraryTest" time="0.001"/>
  <testcase name="should not borrow an unavailable book" classname="LibraryTest" time="0.001"/>
  <testcase name="should return a borrowed book" classname="LibraryTest" time="0.0"/>
  <system-out><![CDATA[]]></system-out>
  <system-err><![CDATA[]]></system-err>
</testsuite>
