<?xml version="1.0" encoding="UTF-8"?>
<testsuite name="LibraryTest" tests="13" skipped="0" failures="0" errors="0" timestamp="2024-11-18T22:25:09" hostname="NATACHA" time="1.579">
  <properties/>
  <testcase name="should add books to the library" classname="LibraryTest" time="0.043"/>
  <testcase name="should borrow an available book" classname="LibraryTest" time="0.002"/>
  <testcase name="should not borrow a book that is already borrowed" classname="LibraryTest" time="0.002"/>
  <testcase name="should return a borrowed book" classname="LibraryTest" time="0.002"/>
  <testcase name="should list only available books" classname="LibraryTest" time="0.002"/>
  <testcase name="should add a book to the library" classname="LibraryTest" time="0.017"/>
  <testcase name="should borrow a book successfully" classname="LibraryTest" time="0.003"/>
  <testcase name="should not borrow an unavailable book" classname="LibraryTest" time="0.001"/>
  <testcase name="should remove a book from the library" classname="LibraryTest" time="0.007"/>
  <testcase name="should not remove a book that is not in the library" classname="LibraryTest" time="0.003"/>
  <testcase name="should return an empty list when no books are in the library" classname="LibraryTest" time="0.006"/>
  <testcase name="should correctly handle borrowing a book and make it unavailable" classname="LibraryTest" time="0.004"/>
  <testcase name="should mock the borrowBook method" classname="LibraryTest" time="1.438"/>
  <system-out><![CDATA[]]></system-out>
  <system-err><![CDATA[SLF4J: No SLF4J providers were found.
SLF4J: Defaulting to no-operation (NOP) logger implementation
SLF4J: See https://www.slf4j.org/codes.html#noProviders for further details.
]]></system-err>
</testsuite>
